INFO  started: Metals version 0.8.1 in workspace 'D:\palette\Workspace\Code\Scala'
INFO  time: initialize in 1.44s
WARN  Unsupported sbt version <unknown>
INFO  shutting down Metals
INFO  started: Metals version 0.8.1 in workspace 'D:\palette\Workspace\Code\Scala'
INFO  time: initialize in 1.35s
WARN  Unsupported sbt version <unknown>
INFO  no build target: using presentation compiler with only scala-library
WARN  code navigation does not work for the file 'D:\palette\Workspace\Code\Scala\PixivDownload.sc' because it doesn't belong to a build target.
WARN  code navigation does not work for the file 'D:\palette\Workspace\Code\Scala\PixivDownload.sc' because it doesn't belong to a build target.
WARN  code navigation does not work for the file 'D:\palette\Workspace\Code\Scala\PixivDownload.sc' because it doesn't belong to a build target.
WARN  code navigation does not work for the file 'D:\palette\Workspace\Code\Scala\PixivDownload.sc' because it doesn't belong to a build target.
WARN  code navigation does not work for the file 'D:\palette\Workspace\Code\Scala\PixivDownload.sc' because it doesn't belong to a build target.
WARN  code navigation does not work for the file 'D:\palette\Workspace\Code\Scala\PixivDownload.sc' because it doesn't belong to a build target.
WARN  code navigation does not work for the file 'D:\palette\Workspace\Code\Scala\PixivDownload.sc' because it doesn't belong to a build target.
WARN  code navigation does not work for the file 'D:\palette\Workspace\Code\Scala\PixivDownload.sc' because it doesn't belong to a build target.
WARN  code navigation does not work for the file 'D:\palette\Workspace\Code\Scala\PixivDownload.sc' because it doesn't belong to a build target.
WARN  code navigation does not work for the file 'D:\palette\Workspace\Code\Scala\PixivDownload.sc' because it doesn't belong to a build target.
WARN  code navigation does not work for the file 'D:\palette\Workspace\Code\Scala\PixivDownload.sc' because it doesn't belong to a build target.
WARN  code navigation does not work for the file 'D:\palette\Workspace\Code\Scala\PixivDownload.sc' because it doesn't belong to a build target.
WARN  code navigation does not work for the file 'D:\palette\Workspace\Code\Scala\PixivDownload.sc' because it doesn't belong to a build target.
WARN  code navigation does not work for the file 'D:\palette\Workspace\Code\Scala\PixivDownload.sc' because it doesn't belong to a build target.
WARN  code navigation does not work for the file 'D:\palette\Workspace\Code\Scala\PixivDownload.sc' because it doesn't belong to a build target.
WARN  code navigation does not work for the file 'D:\palette\Workspace\Code\Scala\PixivDownload.sc' because it doesn't belong to a build target.
WARN  code navigation does not work for the file 'D:\palette\Workspace\Code\Scala\PixivDownload.sc' because it doesn't belong to a build target.
WARN  code navigation does not work for the file 'D:\palette\Workspace\Code\Scala\PixivDownload.sc' because it doesn't belong to a build target.
WARN  code navigation does not work for the file 'D:\palette\Workspace\Code\Scala\PixivDownload.sc' because it doesn't belong to a build target.
WARN  code navigation does not work for the file 'D:\palette\Workspace\Code\Scala\PixivDownload.sc' because it doesn't belong to a build target.
WARN  code navigation does not work for the file 'D:\palette\Workspace\Code\Scala\PixivDownload.sc' because it doesn't belong to a build target.
WARN  code navigation does not work for the file 'D:\palette\Workspace\Code\Scala\PixivDownload.sc' because it doesn't belong to a build target.
WARN  code navigation does not work for the file 'D:\palette\Workspace\Code\Scala\PixivDownload.sc' because it doesn't belong to a build target.
WARN  code navigation does not work for the file 'D:\palette\Workspace\Code\Scala\PixivDownload.sc' because it doesn't belong to a build target.
WARN  code navigation does not work for the file 'D:\palette\Workspace\Code\Scala\PixivDownload.sc' because it doesn't belong to a build target.
WARN  code navigation does not work for the file 'D:\palette\Workspace\Code\Scala\PixivDownload.sc' because it doesn't belong to a build target.
WARN  code navigation does not work for the file 'D:\palette\Workspace\Code\Scala\PixivDownload.sc' because it doesn't belong to a build target.
WARN  code navigation does not work for the file 'D:\palette\Workspace\Code\Scala\PixivDownload.sc' because it doesn't belong to a build target.
WARN  code navigation does not work for the file 'D:\palette\Workspace\Code\Scala\PixivDownload.sc' because it doesn't belong to a build target.
WARN  code navigation does not work for the file 'D:\palette\Workspace\Code\Scala\PixivDownload.sc' because it doesn't belong to a build target.
WARN  code navigation does not work for the file 'D:\palette\Workspace\Code\Scala\PixivDownload.sc' because it doesn't belong to a build target.
WARN  code navigation does not work for the file 'D:\palette\Workspace\Code\Scala\PixivDownload.sc' because it doesn't belong to a build target.
3月 05, 2020 1:00:21 下午 org.eclipse.lsp4j.jsonrpc.RemoteEndpoint handleCancellation
警告: Unmatched cancel notification for request id 470
WARN  code navigation does not work for the file 'D:\palette\Workspace\Code\Scala\PixivDownload.sc' because it doesn't belong to a build target.
WARN  code navigation does not work for the file 'D:\palette\Workspace\Code\Scala\PixivDownload.sc' because it doesn't belong to a build target.
WARN  code navigation does not work for the file 'D:\palette\Workspace\Code\Scala\PixivDownload.sc' because it doesn't belong to a build target.
WARN  code navigation does not work for the file 'D:\palette\Workspace\Code\Scala\PixivDownload.sc' because it doesn't belong to a build target.
WARN  code navigation does not work for the file 'D:\palette\Workspace\Code\Scala\PixivDownload.sc' because it doesn't belong to a build target.
WARN  code navigation does not work for the file 'D:\palette\Workspace\Code\Scala\PixivDownload.sc' because it doesn't belong to a build target.
WARN  code navigation does not work for the file 'D:\palette\Workspace\Code\Scala\PixivDownload.sc' because it doesn't belong to a build target.
WARN  code navigation does not work for the file 'D:\palette\Workspace\Code\Scala\PixivDownload.sc' because it doesn't belong to a build target.
WARN  code navigation does not work for the file 'D:\palette\Workspace\Code\Scala\PixivDownload.sc' because it doesn't belong to a build target.
WARN  code navigation does not work for the file 'D:\palette\Workspace\Code\Scala\PixivDownload.sc' because it doesn't belong to a build target.
WARN  code navigation does not work for the file 'D:\palette\Workspace\Code\Scala\PixivDownload.sc' because it doesn't belong to a build target.
WARN  code navigation does not work for the file 'D:\palette\Workspace\Code\Scala\PixivDownload.sc' because it doesn't belong to a build target.
WARN  code navigation does not work for the file 'D:\palette\Workspace\Code\Scala\PixivDownload.sc' because it doesn't belong to a build target.
WARN  code navigation does not work for the file 'D:\palette\Workspace\Code\Scala\PixivDownload.sc' because it doesn't belong to a build target.
WARN  code navigation does not work for the file 'D:\palette\Workspace\Code\Scala\PixivDownload.sc' because it doesn't belong to a build target.
WARN  code navigation does not work for the file 'D:\palette\Workspace\Code\Scala\PixivDownload.sc' because it doesn't belong to a build target.
WARN  code navigation does not work for the file 'D:\palette\Workspace\Code\Scala\PixivDownload.sc' because it doesn't belong to a build target.
WARN  code navigation does not work for the file 'D:\palette\Workspace\Code\Scala\PixivDownload.sc' because it doesn't belong to a build target.
WARN  code navigation does not work for the file 'D:\palette\Workspace\Code\Scala\PixivDownload.sc' because it doesn't belong to a build target.
WARN  code navigation does not work for the file 'D:\palette\Workspace\Code\Scala\PixivDownload.sc' because it doesn't belong to a build target.
WARN  code navigation does not work for the file 'D:\palette\Workspace\Code\Scala\PixivDownload.sc' because it doesn't belong to a build target.
WARN  code navigation does not work for the file 'D:\palette\Workspace\Code\Scala\PixivDownload.sc' because it doesn't belong to a build target.
WARN  code navigation does not work for the file 'D:\palette\Workspace\Code\Scala\PixivDownload.sc' because it doesn't belong to a build target.
WARN  code navigation does not work for the file 'D:\palette\Workspace\Code\Scala\PixivDownload.sc' because it doesn't belong to a build target.
WARN  code navigation does not work for the file 'D:\palette\Workspace\Code\Scala\PixivDownload.sc' because it doesn't belong to a build target.
WARN  code navigation does not work for the file 'D:\palette\Workspace\Code\Scala\PixivDownload.sc' because it doesn't belong to a build target.
WARN  code navigation does not work for the file 'D:\palette\Workspace\Code\Scala\PixivDownload.sc' because it doesn't belong to a build target.
WARN  code navigation does not work for the file 'D:\palette\Workspace\Code\Scala\PixivDownload.sc' because it doesn't belong to a build target.
WARN  code navigation does not work for the file 'D:\palette\Workspace\Code\Scala\PixivDownload.sc' because it doesn't belong to a build target.
WARN  code navigation does not work for the file 'D:\palette\Workspace\Code\Scala\PixivDownload.sc' because it doesn't belong to a build target.
WARN  code navigation does not work for the file 'D:\palette\Workspace\Code\Scala\PixivDownload.sc' because it doesn't belong to a build target.
WARN  code navigation does not work for the file 'D:\palette\Workspace\Code\Scala\PixivDownload.sc' because it doesn't belong to a build target.
WARN  code navigation does not work for the file 'D:\palette\Workspace\Code\Scala\PixivDownload.sc' because it doesn't belong to a build target.
WARN  code navigation does not work for the file 'D:\palette\Workspace\Code\Scala\PixivDownload.sc' because it doesn't belong to a build target.
WARN  code navigation does not work for the file 'D:\palette\Workspace\Code\Scala\PixivDownload.sc' because it doesn't belong to a build target.
WARN  code navigation does not work for the file 'D:\palette\Workspace\Code\Scala\PixivDownload.sc' because it doesn't belong to a build target.
3月 05, 2020 1:10:54 下午 org.eclipse.lsp4j.jsonrpc.RemoteEndpoint handleCancellation
警告: Unmatched cancel notification for request id 779
WARN  code navigation does not work for the file 'D:\palette\Workspace\Code\Scala\PixivDownload.sc' because it doesn't belong to a build target.
WARN  code navigation does not work for the file 'D:\palette\Workspace\Code\Scala\PixivDownload.sc' because it doesn't belong to a build target.
WARN  code navigation does not work for the file 'D:\palette\Workspace\Code\Scala\PixivDownload.sc' because it doesn't belong to a build target.
WARN  code navigation does not work for the file 'D:\palette\Workspace\Code\Scala\PixivDownload.sc' because it doesn't belong to a build target.
WARN  code navigation does not work for the file 'D:\palette\Workspace\Code\Scala\PixivDownload.sc' because it doesn't belong to a build target.
WARN  code navigation does not work for the file 'D:\palette\Workspace\Code\Scala\PixivDownload.sc' because it doesn't belong to a build target.
WARN  code navigation does not work for the file 'D:\palette\Workspace\Code\Scala\PixivDownload.sc' because it doesn't belong to a build target.
WARN  code navigation does not work for the file 'D:\palette\Workspace\Code\Scala\PixivDownload.sc' because it doesn't belong to a build target.
WARN  code navigation does not work for the file 'D:\palette\Workspace\Code\Scala\PixivDownload.sc' because it doesn't belong to a build target.
WARN  code navigation does not work for the file 'D:\palette\Workspace\Code\Scala\PixivDownload.sc' because it doesn't belong to a build target.
WARN  code navigation does not work for the file 'D:\palette\Workspace\Code\Scala\PixivDownload.sc' because it doesn't belong to a build target.
WARN  code navigation does not work for the file 'D:\palette\Workspace\Code\Scala\PixivDownload.sc' because it doesn't belong to a build target.
INFO  shutting down Metals
